[2019-10-26 18:39:11] testing.ERROR: Symfony\Component\Debug\Exception\FatalErrorException: Trait 'Tests\Document\RefreshDatabase' not found in /var/www/tests/Document/DocumentTest.php:15
Stack trace:
#0 /var/www/vendor/laravel/lumen-framework/src/Concerns/RegistersExceptionHandlers.php(54): Laravel\Lumen\Application->handleShutdown()
#1 [internal function]: Laravel\Lumen\Application->Laravel\Lumen\Concerns\{closure}()
#2 {main} {"exception":"[object] (Symfony\\Component\\Debug\\Exception\\FatalErrorException(code: 1): Trait 'Tests\\Document\\RefreshDatabase' not found at /var/www/tests/Document/DocumentTest.php:15)
[stacktrace]
#0 /var/www/vendor/laravel/lumen-framework/src/Concerns/RegistersExceptionHandlers.php(54): Laravel\\Lumen\\Application->handleShutdown()
#1 [internal function]: Laravel\\Lumen\\Application->Laravel\\Lumen\\Concerns\\{closure}()
#2 {main}
"} 
[2019-10-26 18:53:45] testing.ERROR: Symfony\Component\Debug\Exception\FatalThrowableError: Argument 1 passed to Jenssegers\Mongodb\Query\Builder::__construct() must be an instance of Jenssegers\Mongodb\Connection, instance of Illuminate\Database\SQLiteConnection given, called in /var/www/vendor/jenssegers/mongodb/src/Jenssegers/Mongodb/Eloquent/Model.php on line 415 in /var/www/vendor/jenssegers/mongodb/src/Jenssegers/Mongodb/Query/Builder.php:127
Stack trace:
#0 /var/www/vendor/jenssegers/mongodb/src/Jenssegers/Mongodb/Eloquent/Model.php(415): Jenssegers\Mongodb\Query\Builder->__construct(Object(Illuminate\Database\SQLiteConnection), Object(Illuminate\Database\Query\Processors\SQLiteProcessor))
#1 /var/www/vendor/illuminate/database/Eloquent/Model.php(968): Jenssegers\Mongodb\Eloquent\Model->newBaseQueryBuilder()
#2 /var/www/vendor/illuminate/database/Eloquent/Model.php(1004): Illuminate\Database\Eloquent\Model->newModelQuery()
#3 /var/www/vendor/illuminate/database/Eloquent/Model.php(957): Illuminate\Database\Eloquent\Model->newQueryWithoutScopes()
#4 /var/www/vendor/illuminate/database/Eloquent/Model.php(1618): Illuminate\Database\Eloquent\Model->newQuery()
#5 /var/www/vendor/jenssegers/mongodb/src/Jenssegers/Mongodb/Eloquent/Model.php(480): Illuminate\Database\Eloquent\Model->__call('find', Array)
#6 /var/www/vendor/illuminate/database/Eloquent/Model.php(1630): Jenssegers\Mongodb\Eloquent\Model->__call('find', Array)
#7 /var/www/app/Repositories/BaseRepository.php(130): Illuminate\Database\Eloquent\Model::__callStatic('find', Array)
#8 /var/www/app/Http/Controllers/DocumentController.php(191): App\Repositories\BaseRepository->update('2', Array)
#9 [internal function]: App\Http\Controllers\DocumentController->update(Object(Laravel\Lumen\Http\Request), Object(App\Models\Document), '2')
#10 /var/www/vendor/illuminate/container/BoundMethod.php(32): call_user_func_array(Array, Array)
#11 /var/www/vendor/illuminate/support/helpers.php(522): Illuminate\Container\BoundMethod::Illuminate\Container\{closure}()
#12 /var/www/vendor/illuminate/container/BoundMethod.php(90): value(Object(Closure))
#13 /var/www/vendor/illuminate/container/BoundMethod.php(34): Illuminate\Container\BoundMethod::callBoundMethod(Object(Laravel\Lumen\Application), Array, Object(Closure))
#14 /var/www/vendor/illuminate/container/Container.php(591): Illuminate\Container\BoundMethod::call(Object(Laravel\Lumen\Application), Array, Array, NULL)
#15 /var/www/vendor/laravel/lumen-framework/src/Concerns/RoutesRequests.php(376): Illuminate\Container\Container->call(Array, Array)
#16 /var/www/vendor/laravel/lumen-framework/src/Concerns/RoutesRequests.php(342): Laravel\Lumen\Application->callControllerCallable(Array, Array)
#17 /var/www/vendor/laravel/lumen-framework/src/Concerns/RoutesRequests.php(316): Laravel\Lumen\Application->callLumenController(Object(App\Http\Controllers\DocumentController), 'update', Array)
#18 /var/www/vendor/laravel/lumen-framework/src/Concerns/RoutesRequests.php(278): Laravel\Lumen\Application->callControllerAction(Array)
#19 /var/www/vendor/laravel/lumen-framework/src/Concerns/RoutesRequests.php(263): Laravel\Lumen\Application->callActionOnArrayBasedRoute(Array)
#20 /var/www/vendor/laravel/lumen-framework/src/Concerns/RoutesRequests.php(233): Laravel\Lumen\Application->handleFoundRoute(Array)
#21 /var/www/vendor/laravel/lumen-framework/src/Concerns/RoutesRequests.php(169): Laravel\Lumen\Application->handleDispatcherResponse(Array)
#22 [internal function]: Laravel\Lumen\Application->Laravel\Lumen\Concerns\{closure}(Object(Laravel\Lumen\Http\Request))
#23 /var/www/vendor/laravel/lumen-framework/src/Routing/Pipeline.php(52): call_user_func(Object(Closure), Object(Laravel\Lumen\Http\Request))
#24 /var/www/app/Http/Middleware/Cors.php(35): Laravel\Lumen\Routing\Pipeline->Laravel\Lumen\Routing\{closure}(Object(Laravel\Lumen\Http\Request))
#25 /var/www/vendor/illuminate/pipeline/Pipeline.php(171): App\Http\Middleware\Cors->handle(Object(Laravel\Lumen\Http\Request), Object(Closure))
#26 [internal function]: Illuminate\Pipeline\Pipeline->Illuminate\Pipeline\{closure}(Object(Laravel\Lumen\Http\Request))
#27 /var/www/vendor/laravel/lumen-framework/src/Routing/Pipeline.php(32): call_user_func(Object(Closure), Object(Laravel\Lumen\Http\Request))
#28 /var/www/vendor/illuminate/pipeline/Pipeline.php(105): Laravel\Lumen\Routing\Pipeline->Laravel\Lumen\Routing\{closure}(Object(Laravel\Lumen\Http\Request))
#29 /var/www/vendor/laravel/lumen-framework/src/Concerns/RoutesRequests.php(413): Illuminate\Pipeline\Pipeline->then(Object(Closure))
#30 /var/www/vendor/laravel/lumen-framework/src/Concerns/RoutesRequests.php(171): Laravel\Lumen\Application->sendThroughPipeline(Array, Object(Closure))
#31 /var/www/vendor/laravel/lumen-framework/src/Concerns/RoutesRequests.php(91): Laravel\Lumen\Application->dispatch(Object(Laravel\Lumen\Http\Request))
#32 /var/www/vendor/laravel/lumen-framework/src/Testing/Concerns/MakesHttpRequests.php(388): Laravel\Lumen\Application->handle(Object(Laravel\Lumen\Http\Request))
#33 /var/www/vendor/laravel/lumen-framework/src/Testing/Concerns/MakesHttpRequests.php(48): Laravel\Lumen\Testing\TestCase->call('PUT', 'api/v1/document...', Array, Array, Array, Array, '[]')
#34 /var/www/tests/Document/DocumentTest.php(268): Laravel\Lumen\Testing\TestCase->json('PUT', 'api/v1/document...')
#35 /var/www/vendor/phpunit/phpunit/src/Framework/TestCase.php(1400): Tests\Document\DocumentTest->testFailUpdateDocumentCPF()
#36 /var/www/vendor/phpunit/phpunit/src/Framework/TestCase.php(1020): PHPUnit\Framework\TestCase->runTest()
#37 /var/www/vendor/phpunit/phpunit/src/Framework/TestResult.php(691): PHPUnit\Framework\TestCase->runBare()
#38 /var/www/vendor/phpunit/phpunit/src/Framework/TestCase.php(752): PHPUnit\Framework\TestResult->run(Object(Tests\Document\DocumentTest))
#39 /var/www/vendor/phpunit/phpunit/src/Framework/TestSuite.php(569): PHPUnit\Framework\TestCase->run(Object(PHPUnit\Framework\TestResult))
#40 /var/www/vendor/phpunit/phpunit/src/Framework/TestSuite.php(569): PHPUnit\Framework\TestSuite->run(Object(PHPUnit\Framework\TestResult))
#41 /var/www/vendor/phpunit/phpunit/src/TextUI/TestRunner.php(616): PHPUnit\Framework\TestSuite->run(Object(PHPUnit\Framework\TestResult))
#42 /var/www/vendor/phpunit/phpunit/src/TextUI/Command.php(200): PHPUnit\TextUI\TestRunner->doRun(Object(PHPUnit\Framework\TestSuite), Array, true)
#43 /var/www/vendor/phpunit/phpunit/src/TextUI/Command.php(159): PHPUnit\TextUI\Command->run(Array, true)
#44 /var/www/vendor/phpunit/phpunit/phpunit(61): PHPUnit\TextUI\Command::main()
#45 {main} {"exception":"[object] (Symfony\\Component\\Debug\\Exception\\FatalThrowableError(code: 0): Argument 1 passed to Jenssegers\\Mongodb\\Query\\Builder::__construct() must be an instance of Jenssegers\\Mongodb\\Connection, instance of Illuminate\\Database\\SQLiteConnection given, called in /var/www/vendor/jenssegers/mongodb/src/Jenssegers/Mongodb/Eloquent/Model.php on line 415 at /var/www/vendor/jenssegers/mongodb/src/Jenssegers/Mongodb/Query/Builder.php:127)
[stacktrace]
#0 /var/www/vendor/jenssegers/mongodb/src/Jenssegers/Mongodb/Eloquent/Model.php(415): Jenssegers\\Mongodb\\Query\\Builder->__construct(Object(Illuminate\\Database\\SQLiteConnection), Object(Illuminate\\Database\\Query\\Processors\\SQLiteProcessor))
#1 /var/www/vendor/illuminate/database/Eloquent/Model.php(968): Jenssegers\\Mongodb\\Eloquent\\Model->newBaseQueryBuilder()
#2 /var/www/vendor/illuminate/database/Eloquent/Model.php(1004): Illuminate\\Database\\Eloquent\\Model->newModelQuery()
#3 /var/www/vendor/illuminate/database/Eloquent/Model.php(957): Illuminate\\Database\\Eloquent\\Model->newQueryWithoutScopes()
#4 /var/www/vendor/illuminate/database/Eloquent/Model.php(1618): Illuminate\\Database\\Eloquent\\Model->newQuery()
#5 /var/www/vendor/jenssegers/mongodb/src/Jenssegers/Mongodb/Eloquent/Model.php(480): Illuminate\\Database\\Eloquent\\Model->__call('find', Array)
#6 /var/www/vendor/illuminate/database/Eloquent/Model.php(1630): Jenssegers\\Mongodb\\Eloquent\\Model->__call('find', Array)
#7 /var/www/app/Repositories/BaseRepository.php(130): Illuminate\\Database\\Eloquent\\Model::__callStatic('find', Array)
#8 /var/www/app/Http/Controllers/DocumentController.php(191): App\\Repositories\\BaseRepository->update('2', Array)
#9 [internal function]: App\\Http\\Controllers\\DocumentController->update(Object(Laravel\\Lumen\\Http\\Request), Object(App\\Models\\Document), '2')
#10 /var/www/vendor/illuminate/container/BoundMethod.php(32): call_user_func_array(Array, Array)
#11 /var/www/vendor/illuminate/support/helpers.php(522): Illuminate\\Container\\BoundMethod::Illuminate\\Container\\{closure}()
#12 /var/www/vendor/illuminate/container/BoundMethod.php(90): value(Object(Closure))
#13 /var/www/vendor/illuminate/container/BoundMethod.php(34): Illuminate\\Container\\BoundMethod::callBoundMethod(Object(Laravel\\Lumen\\Application), Array, Object(Closure))
#14 /var/www/vendor/illuminate/container/Container.php(591): Illuminate\\Container\\BoundMethod::call(Object(Laravel\\Lumen\\Application), Array, Array, NULL)
#15 /var/www/vendor/laravel/lumen-framework/src/Concerns/RoutesRequests.php(376): Illuminate\\Container\\Container->call(Array, Array)
#16 /var/www/vendor/laravel/lumen-framework/src/Concerns/RoutesRequests.php(342): Laravel\\Lumen\\Application->callControllerCallable(Array, Array)
#17 /var/www/vendor/laravel/lumen-framework/src/Concerns/RoutesRequests.php(316): Laravel\\Lumen\\Application->callLumenController(Object(App\\Http\\Controllers\\DocumentController), 'update', Array)
#18 /var/www/vendor/laravel/lumen-framework/src/Concerns/RoutesRequests.php(278): Laravel\\Lumen\\Application->callControllerAction(Array)
#19 /var/www/vendor/laravel/lumen-framework/src/Concerns/RoutesRequests.php(263): Laravel\\Lumen\\Application->callActionOnArrayBasedRoute(Array)
#20 /var/www/vendor/laravel/lumen-framework/src/Concerns/RoutesRequests.php(233): Laravel\\Lumen\\Application->handleFoundRoute(Array)
#21 /var/www/vendor/laravel/lumen-framework/src/Concerns/RoutesRequests.php(169): Laravel\\Lumen\\Application->handleDispatcherResponse(Array)
#22 [internal function]: Laravel\\Lumen\\Application->Laravel\\Lumen\\Concerns\\{closure}(Object(Laravel\\Lumen\\Http\\Request))
#23 /var/www/vendor/laravel/lumen-framework/src/Routing/Pipeline.php(52): call_user_func(Object(Closure), Object(Laravel\\Lumen\\Http\\Request))
#24 /var/www/app/Http/Middleware/Cors.php(35): Laravel\\Lumen\\Routing\\Pipeline->Laravel\\Lumen\\Routing\\{closure}(Object(Laravel\\Lumen\\Http\\Request))
#25 /var/www/vendor/illuminate/pipeline/Pipeline.php(171): App\\Http\\Middleware\\Cors->handle(Object(Laravel\\Lumen\\Http\\Request), Object(Closure))
#26 [internal function]: Illuminate\\Pipeline\\Pipeline->Illuminate\\Pipeline\\{closure}(Object(Laravel\\Lumen\\Http\\Request))
#27 /var/www/vendor/laravel/lumen-framework/src/Routing/Pipeline.php(32): call_user_func(Object(Closure), Object(Laravel\\Lumen\\Http\\Request))
#28 /var/www/vendor/illuminate/pipeline/Pipeline.php(105): Laravel\\Lumen\\Routing\\Pipeline->Laravel\\Lumen\\Routing\\{closure}(Object(Laravel\\Lumen\\Http\\Request))
#29 /var/www/vendor/laravel/lumen-framework/src/Concerns/RoutesRequests.php(413): Illuminate\\Pipeline\\Pipeline->then(Object(Closure))
#30 /var/www/vendor/laravel/lumen-framework/src/Concerns/RoutesRequests.php(171): Laravel\\Lumen\\Application->sendThroughPipeline(Array, Object(Closure))
#31 /var/www/vendor/laravel/lumen-framework/src/Concerns/RoutesRequests.php(91): Laravel\\Lumen\\Application->dispatch(Object(Laravel\\Lumen\\Http\\Request))
#32 /var/www/vendor/laravel/lumen-framework/src/Testing/Concerns/MakesHttpRequests.php(388): Laravel\\Lumen\\Application->handle(Object(Laravel\\Lumen\\Http\\Request))
#33 /var/www/vendor/laravel/lumen-framework/src/Testing/Concerns/MakesHttpRequests.php(48): Laravel\\Lumen\\Testing\\TestCase->call('PUT', 'api/v1/document...', Array, Array, Array, Array, '[]')
#34 /var/www/tests/Document/DocumentTest.php(268): Laravel\\Lumen\\Testing\\TestCase->json('PUT', 'api/v1/document...')
#35 /var/www/vendor/phpunit/phpunit/src/Framework/TestCase.php(1400): Tests\\Document\\DocumentTest->testFailUpdateDocumentCPF()
#36 /var/www/vendor/phpunit/phpunit/src/Framework/TestCase.php(1020): PHPUnit\\Framework\\TestCase->runTest()
#37 /var/www/vendor/phpunit/phpunit/src/Framework/TestResult.php(691): PHPUnit\\Framework\\TestCase->runBare()
#38 /var/www/vendor/phpunit/phpunit/src/Framework/TestCase.php(752): PHPUnit\\Framework\\TestResult->run(Object(Tests\\Document\\DocumentTest))
#39 /var/www/vendor/phpunit/phpunit/src/Framework/TestSuite.php(569): PHPUnit\\Framework\\TestCase->run(Object(PHPUnit\\Framework\\TestResult))
#40 /var/www/vendor/phpunit/phpunit/src/Framework/TestSuite.php(569): PHPUnit\\Framework\\TestSuite->run(Object(PHPUnit\\Framework\\TestResult))
#41 /var/www/vendor/phpunit/phpunit/src/TextUI/TestRunner.php(616): PHPUnit\\Framework\\TestSuite->run(Object(PHPUnit\\Framework\\TestResult))
#42 /var/www/vendor/phpunit/phpunit/src/TextUI/Command.php(200): PHPUnit\\TextUI\\TestRunner->doRun(Object(PHPUnit\\Framework\\TestSuite), Array, true)
#43 /var/www/vendor/phpunit/phpunit/src/TextUI/Command.php(159): PHPUnit\\TextUI\\Command->run(Array, true)
#44 /var/www/vendor/phpunit/phpunit/phpunit(61): PHPUnit\\TextUI\\Command::main()
#45 {main}
"} 
[2019-10-26 18:54:22] testing.ERROR: Symfony\Component\Debug\Exception\FatalThrowableError: Argument 1 passed to Jenssegers\Mongodb\Query\Builder::__construct() must be an instance of Jenssegers\Mongodb\Connection, instance of Illuminate\Database\SQLiteConnection given, called in /var/www/vendor/jenssegers/mongodb/src/Jenssegers/Mongodb/Eloquent/Model.php on line 415 in /var/www/vendor/jenssegers/mongodb/src/Jenssegers/Mongodb/Query/Builder.php:127
Stack trace:
#0 /var/www/vendor/jenssegers/mongodb/src/Jenssegers/Mongodb/Eloquent/Model.php(415): Jenssegers\Mongodb\Query\Builder->__construct(Object(Illuminate\Database\SQLiteConnection), Object(Illuminate\Database\Query\Processors\SQLiteProcessor))
#1 /var/www/vendor/illuminate/database/Eloquent/Model.php(968): Jenssegers\Mongodb\Eloquent\Model->newBaseQueryBuilder()
#2 /var/www/vendor/illuminate/database/Eloquent/Model.php(1004): Illuminate\Database\Eloquent\Model->newModelQuery()
#3 /var/www/vendor/illuminate/database/Eloquent/Model.php(957): Illuminate\Database\Eloquent\Model->newQueryWithoutScopes()
#4 /var/www/vendor/illuminate/database/Eloquent/Model.php(1618): Illuminate\Database\Eloquent\Model->newQuery()
#5 /var/www/vendor/jenssegers/mongodb/src/Jenssegers/Mongodb/Eloquent/Model.php(480): Illuminate\Database\Eloquent\Model->__call('find', Array)
#6 /var/www/vendor/illuminate/database/Eloquent/Model.php(1630): Jenssegers\Mongodb\Eloquent\Model->__call('find', Array)
#7 /var/www/app/Repositories/BaseRepository.php(130): Illuminate\Database\Eloquent\Model::__callStatic('find', Array)
#8 /var/www/app/Http/Controllers/DocumentController.php(191): App\Repositories\BaseRepository->update('2', Array)
#9 [internal function]: App\Http\Controllers\DocumentController->update(Object(Laravel\Lumen\Http\Request), Object(App\Models\Document), '2')
#10 /var/www/vendor/illuminate/container/BoundMethod.php(32): call_user_func_array(Array, Array)
#11 /var/www/vendor/illuminate/support/helpers.php(522): Illuminate\Container\BoundMethod::Illuminate\Container\{closure}()
#12 /var/www/vendor/illuminate/container/BoundMethod.php(90): value(Object(Closure))
#13 /var/www/vendor/illuminate/container/BoundMethod.php(34): Illuminate\Container\BoundMethod::callBoundMethod(Object(Laravel\Lumen\Application), Array, Object(Closure))
#14 /var/www/vendor/illuminate/container/Container.php(591): Illuminate\Container\BoundMethod::call(Object(Laravel\Lumen\Application), Array, Array, NULL)
#15 /var/www/vendor/laravel/lumen-framework/src/Concerns/RoutesRequests.php(376): Illuminate\Container\Container->call(Array, Array)
#16 /var/www/vendor/laravel/lumen-framework/src/Concerns/RoutesRequests.php(342): Laravel\Lumen\Application->callControllerCallable(Array, Array)
#17 /var/www/vendor/laravel/lumen-framework/src/Concerns/RoutesRequests.php(316): Laravel\Lumen\Application->callLumenController(Object(App\Http\Controllers\DocumentController), 'update', Array)
#18 /var/www/vendor/laravel/lumen-framework/src/Concerns/RoutesRequests.php(278): Laravel\Lumen\Application->callControllerAction(Array)
#19 /var/www/vendor/laravel/lumen-framework/src/Concerns/RoutesRequests.php(263): Laravel\Lumen\Application->callActionOnArrayBasedRoute(Array)
#20 /var/www/vendor/laravel/lumen-framework/src/Concerns/RoutesRequests.php(233): Laravel\Lumen\Application->handleFoundRoute(Array)
#21 /var/www/vendor/laravel/lumen-framework/src/Concerns/RoutesRequests.php(169): Laravel\Lumen\Application->handleDispatcherResponse(Array)
#22 [internal function]: Laravel\Lumen\Application->Laravel\Lumen\Concerns\{closure}(Object(Laravel\Lumen\Http\Request))
#23 /var/www/vendor/laravel/lumen-framework/src/Routing/Pipeline.php(52): call_user_func(Object(Closure), Object(Laravel\Lumen\Http\Request))
#24 /var/www/app/Http/Middleware/Cors.php(35): Laravel\Lumen\Routing\Pipeline->Laravel\Lumen\Routing\{closure}(Object(Laravel\Lumen\Http\Request))
#25 /var/www/vendor/illuminate/pipeline/Pipeline.php(171): App\Http\Middleware\Cors->handle(Object(Laravel\Lumen\Http\Request), Object(Closure))
#26 [internal function]: Illuminate\Pipeline\Pipeline->Illuminate\Pipeline\{closure}(Object(Laravel\Lumen\Http\Request))
#27 /var/www/vendor/laravel/lumen-framework/src/Routing/Pipeline.php(32): call_user_func(Object(Closure), Object(Laravel\Lumen\Http\Request))
#28 /var/www/vendor/illuminate/pipeline/Pipeline.php(105): Laravel\Lumen\Routing\Pipeline->Laravel\Lumen\Routing\{closure}(Object(Laravel\Lumen\Http\Request))
#29 /var/www/vendor/laravel/lumen-framework/src/Concerns/RoutesRequests.php(413): Illuminate\Pipeline\Pipeline->then(Object(Closure))
#30 /var/www/vendor/laravel/lumen-framework/src/Concerns/RoutesRequests.php(171): Laravel\Lumen\Application->sendThroughPipeline(Array, Object(Closure))
#31 /var/www/vendor/laravel/lumen-framework/src/Concerns/RoutesRequests.php(91): Laravel\Lumen\Application->dispatch(Object(Laravel\Lumen\Http\Request))
#32 /var/www/vendor/laravel/lumen-framework/src/Testing/Concerns/MakesHttpRequests.php(388): Laravel\Lumen\Application->handle(Object(Laravel\Lumen\Http\Request))
#33 /var/www/vendor/laravel/lumen-framework/src/Testing/Concerns/MakesHttpRequests.php(48): Laravel\Lumen\Testing\TestCase->call('PUT', 'api/v1/document...', Array, Array, Array, Array, '[]')
#34 /var/www/tests/Document/DocumentTest.php(268): Laravel\Lumen\Testing\TestCase->json('PUT', 'api/v1/document...')
#35 /var/www/vendor/phpunit/phpunit/src/Framework/TestCase.php(1400): Tests\Document\DocumentTest->testFailUpdateDocumentCPF()
#36 /var/www/vendor/phpunit/phpunit/src/Framework/TestCase.php(1020): PHPUnit\Framework\TestCase->runTest()
#37 /var/www/vendor/phpunit/phpunit/src/Framework/TestResult.php(691): PHPUnit\Framework\TestCase->runBare()
#38 /var/www/vendor/phpunit/phpunit/src/Framework/TestCase.php(752): PHPUnit\Framework\TestResult->run(Object(Tests\Document\DocumentTest))
#39 /var/www/vendor/phpunit/phpunit/src/Framework/TestSuite.php(569): PHPUnit\Framework\TestCase->run(Object(PHPUnit\Framework\TestResult))
#40 /var/www/vendor/phpunit/phpunit/src/Framework/TestSuite.php(569): PHPUnit\Framework\TestSuite->run(Object(PHPUnit\Framework\TestResult))
#41 /var/www/vendor/phpunit/phpunit/src/TextUI/TestRunner.php(616): PHPUnit\Framework\TestSuite->run(Object(PHPUnit\Framework\TestResult))
#42 /var/www/vendor/phpunit/phpunit/src/TextUI/Command.php(200): PHPUnit\TextUI\TestRunner->doRun(Object(PHPUnit\Framework\TestSuite), Array, true)
#43 /var/www/vendor/phpunit/phpunit/src/TextUI/Command.php(159): PHPUnit\TextUI\Command->run(Array, true)
#44 /var/www/vendor/phpunit/phpunit/phpunit(61): PHPUnit\TextUI\Command::main()
#45 {main} {"exception":"[object] (Symfony\\Component\\Debug\\Exception\\FatalThrowableError(code: 0): Argument 1 passed to Jenssegers\\Mongodb\\Query\\Builder::__construct() must be an instance of Jenssegers\\Mongodb\\Connection, instance of Illuminate\\Database\\SQLiteConnection given, called in /var/www/vendor/jenssegers/mongodb/src/Jenssegers/Mongodb/Eloquent/Model.php on line 415 at /var/www/vendor/jenssegers/mongodb/src/Jenssegers/Mongodb/Query/Builder.php:127)
[stacktrace]
#0 /var/www/vendor/jenssegers/mongodb/src/Jenssegers/Mongodb/Eloquent/Model.php(415): Jenssegers\\Mongodb\\Query\\Builder->__construct(Object(Illuminate\\Database\\SQLiteConnection), Object(Illuminate\\Database\\Query\\Processors\\SQLiteProcessor))
#1 /var/www/vendor/illuminate/database/Eloquent/Model.php(968): Jenssegers\\Mongodb\\Eloquent\\Model->newBaseQueryBuilder()
#2 /var/www/vendor/illuminate/database/Eloquent/Model.php(1004): Illuminate\\Database\\Eloquent\\Model->newModelQuery()
#3 /var/www/vendor/illuminate/database/Eloquent/Model.php(957): Illuminate\\Database\\Eloquent\\Model->newQueryWithoutScopes()
#4 /var/www/vendor/illuminate/database/Eloquent/Model.php(1618): Illuminate\\Database\\Eloquent\\Model->newQuery()
#5 /var/www/vendor/jenssegers/mongodb/src/Jenssegers/Mongodb/Eloquent/Model.php(480): Illuminate\\Database\\Eloquent\\Model->__call('find', Array)
#6 /var/www/vendor/illuminate/database/Eloquent/Model.php(1630): Jenssegers\\Mongodb\\Eloquent\\Model->__call('find', Array)
#7 /var/www/app/Repositories/BaseRepository.php(130): Illuminate\\Database\\Eloquent\\Model::__callStatic('find', Array)
#8 /var/www/app/Http/Controllers/DocumentController.php(191): App\\Repositories\\BaseRepository->update('2', Array)
#9 [internal function]: App\\Http\\Controllers\\DocumentController->update(Object(Laravel\\Lumen\\Http\\Request), Object(App\\Models\\Document), '2')
#10 /var/www/vendor/illuminate/container/BoundMethod.php(32): call_user_func_array(Array, Array)
#11 /var/www/vendor/illuminate/support/helpers.php(522): Illuminate\\Container\\BoundMethod::Illuminate\\Container\\{closure}()
#12 /var/www/vendor/illuminate/container/BoundMethod.php(90): value(Object(Closure))
#13 /var/www/vendor/illuminate/container/BoundMethod.php(34): Illuminate\\Container\\BoundMethod::callBoundMethod(Object(Laravel\\Lumen\\Application), Array, Object(Closure))
#14 /var/www/vendor/illuminate/container/Container.php(591): Illuminate\\Container\\BoundMethod::call(Object(Laravel\\Lumen\\Application), Array, Array, NULL)
#15 /var/www/vendor/laravel/lumen-framework/src/Concerns/RoutesRequests.php(376): Illuminate\\Container\\Container->call(Array, Array)
#16 /var/www/vendor/laravel/lumen-framework/src/Concerns/RoutesRequests.php(342): Laravel\\Lumen\\Application->callControllerCallable(Array, Array)
#17 /var/www/vendor/laravel/lumen-framework/src/Concerns/RoutesRequests.php(316): Laravel\\Lumen\\Application->callLumenController(Object(App\\Http\\Controllers\\DocumentController), 'update', Array)
#18 /var/www/vendor/laravel/lumen-framework/src/Concerns/RoutesRequests.php(278): Laravel\\Lumen\\Application->callControllerAction(Array)
#19 /var/www/vendor/laravel/lumen-framework/src/Concerns/RoutesRequests.php(263): Laravel\\Lumen\\Application->callActionOnArrayBasedRoute(Array)
#20 /var/www/vendor/laravel/lumen-framework/src/Concerns/RoutesRequests.php(233): Laravel\\Lumen\\Application->handleFoundRoute(Array)
#21 /var/www/vendor/laravel/lumen-framework/src/Concerns/RoutesRequests.php(169): Laravel\\Lumen\\Application->handleDispatcherResponse(Array)
#22 [internal function]: Laravel\\Lumen\\Application->Laravel\\Lumen\\Concerns\\{closure}(Object(Laravel\\Lumen\\Http\\Request))
#23 /var/www/vendor/laravel/lumen-framework/src/Routing/Pipeline.php(52): call_user_func(Object(Closure), Object(Laravel\\Lumen\\Http\\Request))
#24 /var/www/app/Http/Middleware/Cors.php(35): Laravel\\Lumen\\Routing\\Pipeline->Laravel\\Lumen\\Routing\\{closure}(Object(Laravel\\Lumen\\Http\\Request))
#25 /var/www/vendor/illuminate/pipeline/Pipeline.php(171): App\\Http\\Middleware\\Cors->handle(Object(Laravel\\Lumen\\Http\\Request), Object(Closure))
#26 [internal function]: Illuminate\\Pipeline\\Pipeline->Illuminate\\Pipeline\\{closure}(Object(Laravel\\Lumen\\Http\\Request))
#27 /var/www/vendor/laravel/lumen-framework/src/Routing/Pipeline.php(32): call_user_func(Object(Closure), Object(Laravel\\Lumen\\Http\\Request))
#28 /var/www/vendor/illuminate/pipeline/Pipeline.php(105): Laravel\\Lumen\\Routing\\Pipeline->Laravel\\Lumen\\Routing\\{closure}(Object(Laravel\\Lumen\\Http\\Request))
#29 /var/www/vendor/laravel/lumen-framework/src/Concerns/RoutesRequests.php(413): Illuminate\\Pipeline\\Pipeline->then(Object(Closure))
#30 /var/www/vendor/laravel/lumen-framework/src/Concerns/RoutesRequests.php(171): Laravel\\Lumen\\Application->sendThroughPipeline(Array, Object(Closure))
#31 /var/www/vendor/laravel/lumen-framework/src/Concerns/RoutesRequests.php(91): Laravel\\Lumen\\Application->dispatch(Object(Laravel\\Lumen\\Http\\Request))
#32 /var/www/vendor/laravel/lumen-framework/src/Testing/Concerns/MakesHttpRequests.php(388): Laravel\\Lumen\\Application->handle(Object(Laravel\\Lumen\\Http\\Request))
#33 /var/www/vendor/laravel/lumen-framework/src/Testing/Concerns/MakesHttpRequests.php(48): Laravel\\Lumen\\Testing\\TestCase->call('PUT', 'api/v1/document...', Array, Array, Array, Array, '[]')
#34 /var/www/tests/Document/DocumentTest.php(268): Laravel\\Lumen\\Testing\\TestCase->json('PUT', 'api/v1/document...')
#35 /var/www/vendor/phpunit/phpunit/src/Framework/TestCase.php(1400): Tests\\Document\\DocumentTest->testFailUpdateDocumentCPF()
#36 /var/www/vendor/phpunit/phpunit/src/Framework/TestCase.php(1020): PHPUnit\\Framework\\TestCase->runTest()
#37 /var/www/vendor/phpunit/phpunit/src/Framework/TestResult.php(691): PHPUnit\\Framework\\TestCase->runBare()
#38 /var/www/vendor/phpunit/phpunit/src/Framework/TestCase.php(752): PHPUnit\\Framework\\TestResult->run(Object(Tests\\Document\\DocumentTest))
#39 /var/www/vendor/phpunit/phpunit/src/Framework/TestSuite.php(569): PHPUnit\\Framework\\TestCase->run(Object(PHPUnit\\Framework\\TestResult))
#40 /var/www/vendor/phpunit/phpunit/src/Framework/TestSuite.php(569): PHPUnit\\Framework\\TestSuite->run(Object(PHPUnit\\Framework\\TestResult))
#41 /var/www/vendor/phpunit/phpunit/src/TextUI/TestRunner.php(616): PHPUnit\\Framework\\TestSuite->run(Object(PHPUnit\\Framework\\TestResult))
#42 /var/www/vendor/phpunit/phpunit/src/TextUI/Command.php(200): PHPUnit\\TextUI\\TestRunner->doRun(Object(PHPUnit\\Framework\\TestSuite), Array, true)
#43 /var/www/vendor/phpunit/phpunit/src/TextUI/Command.php(159): PHPUnit\\TextUI\\Command->run(Array, true)
#44 /var/www/vendor/phpunit/phpunit/phpunit(61): PHPUnit\\TextUI\\Command::main()
#45 {main}
"} 
[2019-10-26 18:58:10] testing.ERROR: Symfony\Component\Debug\Exception\FatalThrowableError: Call to a member function prepare() on null in /var/www/vendor/illuminate/database/Connection.php:327
Stack trace:
#0 /var/www/vendor/illuminate/database/Connection.php(658): Illuminate\Database\Connection->Illuminate\Database\{closure}('select * from "...', Array)
#1 /var/www/vendor/illuminate/database/Connection.php(625): Illuminate\Database\Connection->runQueryCallback('select * from "...', Array, Object(Closure))
#2 /var/www/vendor/illuminate/database/Connection.php(334): Illuminate\Database\Connection->run('select * from "...', Array, Object(Closure))
#3 /var/www/vendor/illuminate/database/Query/Builder.php(2140): Illuminate\Database\Connection->select('select * from "...', Array, true)
#4 /var/www/vendor/illuminate/database/Query/Builder.php(2128): Illuminate\Database\Query\Builder->runSelect()
#5 /var/www/vendor/illuminate/database/Query/Builder.php(2572): Illuminate\Database\Query\Builder->Illuminate\Database\Query\{closure}()
#6 /var/www/vendor/illuminate/database/Query/Builder.php(2129): Illuminate\Database\Query\Builder->onceWithColumns(Array, Object(Closure))
#7 /var/www/vendor/illuminate/database/Eloquent/Builder.php(521): Illuminate\Database\Query\Builder->get(Array)
#8 /var/www/vendor/illuminate/database/Eloquent/Builder.php(505): Illuminate\Database\Eloquent\Builder->getModels(Array)
#9 /var/www/vendor/illuminate/database/Concerns/BuildsQueries.php(143): Illuminate\Database\Eloquent\Builder->get(Array)
#10 /var/www/vendor/illuminate/database/Eloquent/Builder.php(329): Illuminate\Database\Eloquent\Builder->first(Array)
#11 /var/www/vendor/illuminate/support/Traits/ForwardsCalls.php(23): Illuminate\Database\Eloquent\Builder->find('2')
#12 /var/www/vendor/illuminate/database/Eloquent/Model.php(1618): Illuminate\Database\Eloquent\Model->forwardCallTo(Object(Jenssegers\Mongodb\Helpers\EloquentBuilder), 'find', Array)
#13 /var/www/vendor/illuminate/database/Eloquent/Model.php(1630): Illuminate\Database\Eloquent\Model->__call('find', Array)
#14 /var/www/app/Repositories/BaseRepository.php(130): Illuminate\Database\Eloquent\Model::__callStatic('find', Array)
#15 /var/www/app/Http/Controllers/DocumentController.php(191): App\Repositories\BaseRepository->update('2', Array)
#16 [internal function]: App\Http\Controllers\DocumentController->update(Object(Laravel\Lumen\Http\Request), Object(App\Models\Document), '2')
#17 /var/www/vendor/illuminate/container/BoundMethod.php(32): call_user_func_array(Array, Array)
#18 /var/www/vendor/illuminate/support/helpers.php(522): Illuminate\Container\BoundMethod::Illuminate\Container\{closure}()
#19 /var/www/vendor/illuminate/container/BoundMethod.php(90): value(Object(Closure))
#20 /var/www/vendor/illuminate/container/BoundMethod.php(34): Illuminate\Container\BoundMethod::callBoundMethod(Object(Laravel\Lumen\Application), Array, Object(Closure))
#21 /var/www/vendor/illuminate/container/Container.php(591): Illuminate\Container\BoundMethod::call(Object(Laravel\Lumen\Application), Array, Array, NULL)
#22 /var/www/vendor/laravel/lumen-framework/src/Concerns/RoutesRequests.php(376): Illuminate\Container\Container->call(Array, Array)
#23 /var/www/vendor/laravel/lumen-framework/src/Concerns/RoutesRequests.php(342): Laravel\Lumen\Application->callControllerCallable(Array, Array)
#24 /var/www/vendor/laravel/lumen-framework/src/Concerns/RoutesRequests.php(316): Laravel\Lumen\Application->callLumenController(Object(App\Http\Controllers\DocumentController), 'update', Array)
#25 /var/www/vendor/laravel/lumen-framework/src/Concerns/RoutesRequests.php(278): Laravel\Lumen\Application->callControllerAction(Array)
#26 /var/www/vendor/laravel/lumen-framework/src/Concerns/RoutesRequests.php(263): Laravel\Lumen\Application->callActionOnArrayBasedRoute(Array)
#27 /var/www/vendor/laravel/lumen-framework/src/Concerns/RoutesRequests.php(233): Laravel\Lumen\Application->handleFoundRoute(Array)
#28 /var/www/vendor/laravel/lumen-framework/src/Concerns/RoutesRequests.php(169): Laravel\Lumen\Application->handleDispatcherResponse(Array)
#29 [internal function]: Laravel\Lumen\Application->Laravel\Lumen\Concerns\{closure}(Object(Laravel\Lumen\Http\Request))
#30 /var/www/vendor/laravel/lumen-framework/src/Routing/Pipeline.php(52): call_user_func(Object(Closure), Object(Laravel\Lumen\Http\Request))
#31 /var/www/app/Http/Middleware/Cors.php(35): Laravel\Lumen\Routing\Pipeline->Laravel\Lumen\Routing\{closure}(Object(Laravel\Lumen\Http\Request))
#32 /var/www/vendor/illuminate/pipeline/Pipeline.php(171): App\Http\Middleware\Cors->handle(Object(Laravel\Lumen\Http\Request), Object(Closure))
#33 [internal function]: Illuminate\Pipeline\Pipeline->Illuminate\Pipeline\{closure}(Object(Laravel\Lumen\Http\Request))
#34 /var/www/vendor/laravel/lumen-framework/src/Routing/Pipeline.php(32): call_user_func(Object(Closure), Object(Laravel\Lumen\Http\Request))
#35 /var/www/vendor/illuminate/pipeline/Pipeline.php(105): Laravel\Lumen\Routing\Pipeline->Laravel\Lumen\Routing\{closure}(Object(Laravel\Lumen\Http\Request))
#36 /var/www/vendor/laravel/lumen-framework/src/Concerns/RoutesRequests.php(413): Illuminate\Pipeline\Pipeline->then(Object(Closure))
#37 /var/www/vendor/laravel/lumen-framework/src/Concerns/RoutesRequests.php(171): Laravel\Lumen\Application->sendThroughPipeline(Array, Object(Closure))
#38 /var/www/vendor/laravel/lumen-framework/src/Concerns/RoutesRequests.php(91): Laravel\Lumen\Application->dispatch(Object(Laravel\Lumen\Http\Request))
#39 /var/www/vendor/laravel/lumen-framework/src/Testing/Concerns/MakesHttpRequests.php(388): Laravel\Lumen\Application->handle(Object(Laravel\Lumen\Http\Request))
#40 /var/www/vendor/laravel/lumen-framework/src/Testing/Concerns/MakesHttpRequests.php(48): Laravel\Lumen\Testing\TestCase->call('PUT', 'api/v1/document...', Array, Array, Array, Array, '[]')
#41 /var/www/tests/Document/DocumentTest.php(268): Laravel\Lumen\Testing\TestCase->json('PUT', 'api/v1/document...')
#42 /var/www/vendor/phpunit/phpunit/src/Framework/TestCase.php(1400): Tests\Document\DocumentTest->testFailUpdateDocumentCPF()
#43 /var/www/vendor/phpunit/phpunit/src/Framework/TestCase.php(1020): PHPUnit\Framework\TestCase->runTest()
#44 /var/www/vendor/phpunit/phpunit/src/Framework/TestResult.php(691): PHPUnit\Framework\TestCase->runBare()
#45 /var/www/vendor/phpunit/phpunit/src/Framework/TestCase.php(752): PHPUnit\Framework\TestResult->run(Object(Tests\Document\DocumentTest))
#46 /var/www/vendor/phpunit/phpunit/src/Framework/TestSuite.php(569): PHPUnit\Framework\TestCase->run(Object(PHPUnit\Framework\TestResult))
#47 /var/www/vendor/phpunit/phpunit/src/Framework/TestSuite.php(569): PHPUnit\Framework\TestSuite->run(Object(PHPUnit\Framework\TestResult))
#48 /var/www/vendor/phpunit/phpunit/src/TextUI/TestRunner.php(616): PHPUnit\Framework\TestSuite->run(Object(PHPUnit\Framework\TestResult))
#49 /var/www/vendor/phpunit/phpunit/src/TextUI/Command.php(200): PHPUnit\TextUI\TestRunner->doRun(Object(PHPUnit\Framework\TestSuite), Array, true)
#50 /var/www/vendor/phpunit/phpunit/src/TextUI/Command.php(159): PHPUnit\TextUI\Command->run(Array, true)
#51 /var/www/vendor/phpunit/phpunit/phpunit(61): PHPUnit\TextUI\Command::main()
#52 {main} {"exception":"[object] (Symfony\\Component\\Debug\\Exception\\FatalThrowableError(code: 0): Call to a member function prepare() on null at /var/www/vendor/illuminate/database/Connection.php:327)
[stacktrace]
#0 /var/www/vendor/illuminate/database/Connection.php(658): Illuminate\\Database\\Connection->Illuminate\\Database\\{closure}('select * from \"...', Array)
#1 /var/www/vendor/illuminate/database/Connection.php(625): Illuminate\\Database\\Connection->runQueryCallback('select * from \"...', Array, Object(Closure))
#2 /var/www/vendor/illuminate/database/Connection.php(334): Illuminate\\Database\\Connection->run('select * from \"...', Array, Object(Closure))
#3 /var/www/vendor/illuminate/database/Query/Builder.php(2140): Illuminate\\Database\\Connection->select('select * from \"...', Array, true)
#4 /var/www/vendor/illuminate/database/Query/Builder.php(2128): Illuminate\\Database\\Query\\Builder->runSelect()
#5 /var/www/vendor/illuminate/database/Query/Builder.php(2572): Illuminate\\Database\\Query\\Builder->Illuminate\\Database\\Query\\{closure}()
#6 /var/www/vendor/illuminate/database/Query/Builder.php(2129): Illuminate\\Database\\Query\\Builder->onceWithColumns(Array, Object(Closure))
#7 /var/www/vendor/illuminate/database/Eloquent/Builder.php(521): Illuminate\\Database\\Query\\Builder->get(Array)
#8 /var/www/vendor/illuminate/database/Eloquent/Builder.php(505): Illuminate\\Database\\Eloquent\\Builder->getModels(Array)
#9 /var/www/vendor/illuminate/database/Concerns/BuildsQueries.php(143): Illuminate\\Database\\Eloquent\\Builder->get(Array)
#10 /var/www/vendor/illuminate/database/Eloquent/Builder.php(329): Illuminate\\Database\\Eloquent\\Builder->first(Array)
#11 /var/www/vendor/illuminate/support/Traits/ForwardsCalls.php(23): Illuminate\\Database\\Eloquent\\Builder->find('2')
#12 /var/www/vendor/illuminate/database/Eloquent/Model.php(1618): Illuminate\\Database\\Eloquent\\Model->forwardCallTo(Object(Jenssegers\\Mongodb\\Helpers\\EloquentBuilder), 'find', Array)
#13 /var/www/vendor/illuminate/database/Eloquent/Model.php(1630): Illuminate\\Database\\Eloquent\\Model->__call('find', Array)
#14 /var/www/app/Repositories/BaseRepository.php(130): Illuminate\\Database\\Eloquent\\Model::__callStatic('find', Array)
#15 /var/www/app/Http/Controllers/DocumentController.php(191): App\\Repositories\\BaseRepository->update('2', Array)
#16 [internal function]: App\\Http\\Controllers\\DocumentController->update(Object(Laravel\\Lumen\\Http\\Request), Object(App\\Models\\Document), '2')
#17 /var/www/vendor/illuminate/container/BoundMethod.php(32): call_user_func_array(Array, Array)
#18 /var/www/vendor/illuminate/support/helpers.php(522): Illuminate\\Container\\BoundMethod::Illuminate\\Container\\{closure}()
#19 /var/www/vendor/illuminate/container/BoundMethod.php(90): value(Object(Closure))
#20 /var/www/vendor/illuminate/container/BoundMethod.php(34): Illuminate\\Container\\BoundMethod::callBoundMethod(Object(Laravel\\Lumen\\Application), Array, Object(Closure))
#21 /var/www/vendor/illuminate/container/Container.php(591): Illuminate\\Container\\BoundMethod::call(Object(Laravel\\Lumen\\Application), Array, Array, NULL)
#22 /var/www/vendor/laravel/lumen-framework/src/Concerns/RoutesRequests.php(376): Illuminate\\Container\\Container->call(Array, Array)
#23 /var/www/vendor/laravel/lumen-framework/src/Concerns/RoutesRequests.php(342): Laravel\\Lumen\\Application->callControllerCallable(Array, Array)
#24 /var/www/vendor/laravel/lumen-framework/src/Concerns/RoutesRequests.php(316): Laravel\\Lumen\\Application->callLumenController(Object(App\\Http\\Controllers\\DocumentController), 'update', Array)
#25 /var/www/vendor/laravel/lumen-framework/src/Concerns/RoutesRequests.php(278): Laravel\\Lumen\\Application->callControllerAction(Array)
#26 /var/www/vendor/laravel/lumen-framework/src/Concerns/RoutesRequests.php(263): Laravel\\Lumen\\Application->callActionOnArrayBasedRoute(Array)
#27 /var/www/vendor/laravel/lumen-framework/src/Concerns/RoutesRequests.php(233): Laravel\\Lumen\\Application->handleFoundRoute(Array)
#28 /var/www/vendor/laravel/lumen-framework/src/Concerns/RoutesRequests.php(169): Laravel\\Lumen\\Application->handleDispatcherResponse(Array)
#29 [internal function]: Laravel\\Lumen\\Application->Laravel\\Lumen\\Concerns\\{closure}(Object(Laravel\\Lumen\\Http\\Request))
#30 /var/www/vendor/laravel/lumen-framework/src/Routing/Pipeline.php(52): call_user_func(Object(Closure), Object(Laravel\\Lumen\\Http\\Request))
#31 /var/www/app/Http/Middleware/Cors.php(35): Laravel\\Lumen\\Routing\\Pipeline->Laravel\\Lumen\\Routing\\{closure}(Object(Laravel\\Lumen\\Http\\Request))
#32 /var/www/vendor/illuminate/pipeline/Pipeline.php(171): App\\Http\\Middleware\\Cors->handle(Object(Laravel\\Lumen\\Http\\Request), Object(Closure))
#33 [internal function]: Illuminate\\Pipeline\\Pipeline->Illuminate\\Pipeline\\{closure}(Object(Laravel\\Lumen\\Http\\Request))
#34 /var/www/vendor/laravel/lumen-framework/src/Routing/Pipeline.php(32): call_user_func(Object(Closure), Object(Laravel\\Lumen\\Http\\Request))
#35 /var/www/vendor/illuminate/pipeline/Pipeline.php(105): Laravel\\Lumen\\Routing\\Pipeline->Laravel\\Lumen\\Routing\\{closure}(Object(Laravel\\Lumen\\Http\\Request))
#36 /var/www/vendor/laravel/lumen-framework/src/Concerns/RoutesRequests.php(413): Illuminate\\Pipeline\\Pipeline->then(Object(Closure))
#37 /var/www/vendor/laravel/lumen-framework/src/Concerns/RoutesRequests.php(171): Laravel\\Lumen\\Application->sendThroughPipeline(Array, Object(Closure))
#38 /var/www/vendor/laravel/lumen-framework/src/Concerns/RoutesRequests.php(91): Laravel\\Lumen\\Application->dispatch(Object(Laravel\\Lumen\\Http\\Request))
#39 /var/www/vendor/laravel/lumen-framework/src/Testing/Concerns/MakesHttpRequests.php(388): Laravel\\Lumen\\Application->handle(Object(Laravel\\Lumen\\Http\\Request))
#40 /var/www/vendor/laravel/lumen-framework/src/Testing/Concerns/MakesHttpRequests.php(48): Laravel\\Lumen\\Testing\\TestCase->call('PUT', 'api/v1/document...', Array, Array, Array, Array, '[]')
#41 /var/www/tests/Document/DocumentTest.php(268): Laravel\\Lumen\\Testing\\TestCase->json('PUT', 'api/v1/document...')
#42 /var/www/vendor/phpunit/phpunit/src/Framework/TestCase.php(1400): Tests\\Document\\DocumentTest->testFailUpdateDocumentCPF()
#43 /var/www/vendor/phpunit/phpunit/src/Framework/TestCase.php(1020): PHPUnit\\Framework\\TestCase->runTest()
#44 /var/www/vendor/phpunit/phpunit/src/Framework/TestResult.php(691): PHPUnit\\Framework\\TestCase->runBare()
#45 /var/www/vendor/phpunit/phpunit/src/Framework/TestCase.php(752): PHPUnit\\Framework\\TestResult->run(Object(Tests\\Document\\DocumentTest))
#46 /var/www/vendor/phpunit/phpunit/src/Framework/TestSuite.php(569): PHPUnit\\Framework\\TestCase->run(Object(PHPUnit\\Framework\\TestResult))
#47 /var/www/vendor/phpunit/phpunit/src/Framework/TestSuite.php(569): PHPUnit\\Framework\\TestSuite->run(Object(PHPUnit\\Framework\\TestResult))
#48 /var/www/vendor/phpunit/phpunit/src/TextUI/TestRunner.php(616): PHPUnit\\Framework\\TestSuite->run(Object(PHPUnit\\Framework\\TestResult))
#49 /var/www/vendor/phpunit/phpunit/src/TextUI/Command.php(200): PHPUnit\\TextUI\\TestRunner->doRun(Object(PHPUnit\\Framework\\TestSuite), Array, true)
#50 /var/www/vendor/phpunit/phpunit/src/TextUI/Command.php(159): PHPUnit\\TextUI\\Command->run(Array, true)
#51 /var/www/vendor/phpunit/phpunit/phpunit(61): PHPUnit\\TextUI\\Command::main()
#52 {main}
"} 
